<?xml version="1.0" encoding="UTF-8"?>
<!-- Generated by org.testng.reporters.JUnitXMLReporter -->
<testsuite ignored="0" hostname="Rajeev" failures="4" tests="4" name="Key Presses" time="12.167" errors="0" timestamp="2020-12-23T06:29:52 GMT">
  <testcase classname="testcases.keyPressesTest" name="keypressTest" time="2.527">
    <failure type="org.junit.ComparisonFailure" message="expected:&amp;lt;[You entered: T]&amp;gt; but was:&amp;lt;[t]&amp;gt;">
      <![CDATA[org.junit.ComparisonFailure: expected:<[You entered: T]> but was:<[t]>
at org.junit.Assert.assertEquals(Assert.java:115)
at org.junit.Assert.assertEquals(Assert.java:144)
at testcases.keyPressesTest.keypressTest(keyPressesTest.java:30)
at java.base/java.util.ArrayList.forEach(ArrayList.java:1511)
at java.base/java.util.concurrent.FutureTask.run(FutureTask.java:264)
at java.base/java.util.concurrent.ThreadPoolExecutor.runWorker(ThreadPoolExecutor.java:1130)
at java.base/java.util.concurrent.ThreadPoolExecutor$Worker.run(ThreadPoolExecutor.java:630)
at java.base/java.lang.Thread.run(Thread.java:832)
... Removed 18 stack frames]]>
    </failure>
  </testcase> <!-- keypressTest -->
  <testcase classname="testcases.keyPressesTest" name="keypressTest" time="2.444">
    <failure type="org.junit.ComparisonFailure" message="expected:&amp;lt;[You entered: R]&amp;gt; but was:&amp;lt;[r]&amp;gt;">
      <![CDATA[org.junit.ComparisonFailure: expected:<[You entered: R]> but was:<[r]>
at org.junit.Assert.assertEquals(Assert.java:115)
at org.junit.Assert.assertEquals(Assert.java:144)
at testcases.keyPressesTest.keypressTest(keyPressesTest.java:30)
at java.base/java.util.ArrayList.forEach(ArrayList.java:1511)
at java.base/java.util.concurrent.FutureTask.run(FutureTask.java:264)
at java.base/java.util.concurrent.ThreadPoolExecutor.runWorker(ThreadPoolExecutor.java:1130)
at java.base/java.util.concurrent.ThreadPoolExecutor$Worker.run(ThreadPoolExecutor.java:630)
at java.base/java.lang.Thread.run(Thread.java:832)
... Removed 18 stack frames]]>
    </failure>
  </testcase> <!-- keypressTest -->
  <testcase classname="testcases.keyPressesTest" name="keypressTest" time="2.337">
    <failure type="org.junit.ComparisonFailure" message="expected:&amp;lt;[You entered: G]&amp;gt; but was:&amp;lt;[g]&amp;gt;">
      <![CDATA[org.junit.ComparisonFailure: expected:<[You entered: G]> but was:<[g]>
at org.junit.Assert.assertEquals(Assert.java:115)
at org.junit.Assert.assertEquals(Assert.java:144)
at testcases.keyPressesTest.keypressTest(keyPressesTest.java:30)
at java.base/java.util.ArrayList.forEach(ArrayList.java:1511)
at java.base/java.util.concurrent.FutureTask.run(FutureTask.java:264)
at java.base/java.util.concurrent.ThreadPoolExecutor.runWorker(ThreadPoolExecutor.java:1130)
at java.base/java.util.concurrent.ThreadPoolExecutor$Worker.run(ThreadPoolExecutor.java:630)
at java.base/java.lang.Thread.run(Thread.java:832)
... Removed 18 stack frames]]>
    </failure>
  </testcase> <!-- keypressTest -->
  <testcase classname="testcases.keyPressesTest" name="keypressTest" time="2.402">
    <failure type="org.junit.ComparisonFailure" message="expected:&amp;lt;[You entered: N]&amp;gt; but was:&amp;lt;[n]&amp;gt;">
      <![CDATA[org.junit.ComparisonFailure: expected:<[You entered: N]> but was:<[n]>
at org.junit.Assert.assertEquals(Assert.java:115)
at org.junit.Assert.assertEquals(Assert.java:144)
at testcases.keyPressesTest.keypressTest(keyPressesTest.java:30)
at java.base/java.util.ArrayList.forEach(ArrayList.java:1511)
at java.base/java.util.concurrent.FutureTask.run(FutureTask.java:264)
at java.base/java.util.concurrent.ThreadPoolExecutor.runWorker(ThreadPoolExecutor.java:1130)
at java.base/java.util.concurrent.ThreadPoolExecutor$Worker.run(ThreadPoolExecutor.java:630)
at java.base/java.lang.Thread.run(Thread.java:832)
... Removed 18 stack frames]]>
    </failure>
  </testcase> <!-- keypressTest -->
</testsuite> <!-- Key Presses -->
